Performing C SOURCE FILE Test HAVE_GCC_WDOCUMENTATION failed with the following output:
Change Dir: /root/development/DHGE/c++/build/CMakeFiles/CMakeTmp

Run Build Command(s):/usr/bin/gmake -f Makefile cmTC_05eca/fast && /usr/bin/gmake  -f CMakeFiles/cmTC_05eca.dir/build.make CMakeFiles/cmTC_05eca.dir/build
gmake[1]: Entering directory '/root/development/DHGE/c++/build/CMakeFiles/CMakeTmp'
Building C object CMakeFiles/cmTC_05eca.dir/src.c.o
/usr/bin/cc -DHAVE_GCC_WDOCUMENTATION  -D_GNU_SOURCE=1   -Wdocumentation -o CMakeFiles/cmTC_05eca.dir/src.c.o -c /root/development/DHGE/c++/build/CMakeFiles/CMakeTmp/src.c
cc: error: unrecognized command-line option '-Wdocumentation'
gmake[1]: *** [CMakeFiles/cmTC_05eca.dir/build.make:78: CMakeFiles/cmTC_05eca.dir/src.c.o] Error 1
gmake[1]: Leaving directory '/root/development/DHGE/c++/build/CMakeFiles/CMakeTmp'
gmake: *** [Makefile:127: cmTC_05eca/fast] Error 2


Source file was:
int main(void) { return 0; }
Performing C SOURCE FILE Test HAVE_GCC_WDOCUMENTATION_UNKNOWN_COMMAND failed with the following output:
Change Dir: /root/development/DHGE/c++/build/CMakeFiles/CMakeTmp

Run Build Command(s):/usr/bin/gmake -f Makefile cmTC_dacc4/fast && /usr/bin/gmake  -f CMakeFiles/cmTC_dacc4.dir/build.make CMakeFiles/cmTC_dacc4.dir/build
gmake[1]: Entering directory '/root/development/DHGE/c++/build/CMakeFiles/CMakeTmp'
Building C object CMakeFiles/cmTC_dacc4.dir/src.c.o
/usr/bin/cc -DHAVE_GCC_WDOCUMENTATION_UNKNOWN_COMMAND  -D_GNU_SOURCE=1   -Wdocumentation-unknown-command -o CMakeFiles/cmTC_dacc4.dir/src.c.o -c /root/development/DHGE/c++/build/CMakeFiles/CMakeTmp/src.c
cc: error: unrecognized command-line option '-Wdocumentation-unknown-command'
gmake[1]: *** [CMakeFiles/cmTC_dacc4.dir/build.make:78: CMakeFiles/cmTC_dacc4.dir/src.c.o] Error 1
gmake[1]: Leaving directory '/root/development/DHGE/c++/build/CMakeFiles/CMakeTmp'
gmake: *** [Makefile:127: cmTC_dacc4/fast] Error 2


Source file was:
int main(void) { return 0; }
Performing C SOURCE FILE Test HAVE_GCC_COMMENT_BLOCK_COMMANDS failed with the following output:
Change Dir: /root/development/DHGE/c++/build/CMakeFiles/CMakeTmp

Run Build Command(s):/usr/bin/gmake -f Makefile cmTC_caca3/fast && /usr/bin/gmake  -f CMakeFiles/cmTC_caca3.dir/build.make CMakeFiles/cmTC_caca3.dir/build
gmake[1]: Entering directory '/root/development/DHGE/c++/build/CMakeFiles/CMakeTmp'
Building C object CMakeFiles/cmTC_caca3.dir/src.c.o
/usr/bin/cc -DHAVE_GCC_COMMENT_BLOCK_COMMANDS  -D_GNU_SOURCE=1   -fcomment-block-commands=threadsafety -o CMakeFiles/cmTC_caca3.dir/src.c.o -c /root/development/DHGE/c++/build/CMakeFiles/CMakeTmp/src.c
cc: error: unrecognized command-line option '-fcomment-block-commands=threadsafety'
gmake[1]: *** [CMakeFiles/cmTC_caca3.dir/build.make:78: CMakeFiles/cmTC_caca3.dir/src.c.o] Error 1
gmake[1]: Leaving directory '/root/development/DHGE/c++/build/CMakeFiles/CMakeTmp'
gmake: *** [Makefile:127: cmTC_caca3/fast] Error 2


Source file was:
int main(void) { return 0; }
Performing C SOURCE FILE Test HAVE_CLANG_COMMENT_BLOCK_COMMANDS failed with the following output:
Change Dir: /root/development/DHGE/c++/build/CMakeFiles/CMakeTmp

Run Build Command(s):/usr/bin/gmake -f Makefile cmTC_9d41d/fast && /usr/bin/gmake  -f CMakeFiles/cmTC_9d41d.dir/build.make CMakeFiles/cmTC_9d41d.dir/build
gmake[1]: Entering directory '/root/development/DHGE/c++/build/CMakeFiles/CMakeTmp'
Building C object CMakeFiles/cmTC_9d41d.dir/src.c.o
/usr/bin/cc -DHAVE_CLANG_COMMENT_BLOCK_COMMANDS  -D_GNU_SOURCE=1   /clang:-fcomment-block-commands=threadsafety -o CMakeFiles/cmTC_9d41d.dir/src.c.o -c /root/development/DHGE/c++/build/CMakeFiles/CMakeTmp/src.c
cc: warning: /clang:-fcomment-block-commands=threadsafety: linker input file unused because linking not done
cc: error: /clang:-fcomment-block-commands=threadsafety: linker input file not found: No such file or directory
gmake[1]: *** [CMakeFiles/cmTC_9d41d.dir/build.make:78: CMakeFiles/cmTC_9d41d.dir/src.c.o] Error 1
gmake[1]: *** Deleting file 'CMakeFiles/cmTC_9d41d.dir/src.c.o'
gmake[1]: Leaving directory '/root/development/DHGE/c++/build/CMakeFiles/CMakeTmp'
gmake: *** [Makefile:127: cmTC_9d41d/fast] Error 2


Source file was:
int main(void) { return 0; }
Determining if the _i64toa exist failed with the following output:
Change Dir: /root/development/DHGE/c++/build/CMakeFiles/CMakeTmp

Run Build Command(s):/usr/bin/gmake -f Makefile cmTC_bbe78/fast && /usr/bin/gmake  -f CMakeFiles/cmTC_bbe78.dir/build.make CMakeFiles/cmTC_bbe78.dir/build
gmake[1]: Entering directory '/root/development/DHGE/c++/build/CMakeFiles/CMakeTmp'
Building C object CMakeFiles/cmTC_bbe78.dir/CheckSymbolExists.c.o
/usr/bin/cc   -D_GNU_SOURCE=1 -o CMakeFiles/cmTC_bbe78.dir/CheckSymbolExists.c.o -c /root/development/DHGE/c++/build/CMakeFiles/CMakeTmp/CheckSymbolExists.c
/root/development/DHGE/c++/build/CMakeFiles/CMakeTmp/CheckSymbolExists.c: In function ‘main’:
/root/development/DHGE/c++/build/CMakeFiles/CMakeTmp/CheckSymbolExists.c:26:19: error: ‘_i64toa’ undeclared (first use in this function)
   26 |   return ((int*)(&_i64toa))[argc];
      |                   ^~~~~~~
/root/development/DHGE/c++/build/CMakeFiles/CMakeTmp/CheckSymbolExists.c:26:19: note: each undeclared identifier is reported only once for each function it appears in
gmake[1]: *** [CMakeFiles/cmTC_bbe78.dir/build.make:78: CMakeFiles/cmTC_bbe78.dir/CheckSymbolExists.c.o] Error 1
gmake[1]: Leaving directory '/root/development/DHGE/c++/build/CMakeFiles/CMakeTmp'
gmake: *** [Makefile:127: cmTC_bbe78/fast] Error 2


File /root/development/DHGE/c++/build/CMakeFiles/CMakeTmp/CheckSymbolExists.c:
/* */
#include <float.h>
#include <iconv.h>
#include <inttypes.h>
#include <limits.h>
#include <malloc.h>
#include <math.h>
#include <memory.h>
#include <signal.h>
#include <stdarg.h>
#include <stdbool.h>
#include <stddef.h>
#include <stdint.h>
#include <stdio.h>
#include <stdlib.h>
#include <string.h>
#include <strings.h>
#include <sys/types.h>
#include <time.h>
#include <wchar.h>

int main(int argc, char** argv)
{
  (void)argv;
#ifndef _i64toa
  return ((int*)(&_i64toa))[argc];
#else
  (void)argc;
  return 0;
#endif
}
Determining if the itoa exist failed with the following output:
Change Dir: /root/development/DHGE/c++/build/CMakeFiles/CMakeTmp

Run Build Command(s):/usr/bin/gmake -f Makefile cmTC_6c706/fast && /usr/bin/gmake  -f CMakeFiles/cmTC_6c706.dir/build.make CMakeFiles/cmTC_6c706.dir/build
gmake[1]: Entering directory '/root/development/DHGE/c++/build/CMakeFiles/CMakeTmp'
Building C object CMakeFiles/cmTC_6c706.dir/CheckSymbolExists.c.o
/usr/bin/cc   -D_GNU_SOURCE=1 -o CMakeFiles/cmTC_6c706.dir/CheckSymbolExists.c.o -c /root/development/DHGE/c++/build/CMakeFiles/CMakeTmp/CheckSymbolExists.c
/root/development/DHGE/c++/build/CMakeFiles/CMakeTmp/CheckSymbolExists.c: In function ‘main’:
/root/development/DHGE/c++/build/CMakeFiles/CMakeTmp/CheckSymbolExists.c:26:19: error: ‘itoa’ undeclared (first use in this function)
   26 |   return ((int*)(&itoa))[argc];
      |                   ^~~~
/root/development/DHGE/c++/build/CMakeFiles/CMakeTmp/CheckSymbolExists.c:26:19: note: each undeclared identifier is reported only once for each function it appears in
gmake[1]: *** [CMakeFiles/cmTC_6c706.dir/build.make:78: CMakeFiles/cmTC_6c706.dir/CheckSymbolExists.c.o] Error 1
gmake[1]: Leaving directory '/root/development/DHGE/c++/build/CMakeFiles/CMakeTmp'
gmake: *** [Makefile:127: cmTC_6c706/fast] Error 2


File /root/development/DHGE/c++/build/CMakeFiles/CMakeTmp/CheckSymbolExists.c:
/* */
#include <float.h>
#include <iconv.h>
#include <inttypes.h>
#include <limits.h>
#include <malloc.h>
#include <math.h>
#include <memory.h>
#include <signal.h>
#include <stdarg.h>
#include <stdbool.h>
#include <stddef.h>
#include <stdint.h>
#include <stdio.h>
#include <stdlib.h>
#include <string.h>
#include <strings.h>
#include <sys/types.h>
#include <time.h>
#include <wchar.h>

int main(int argc, char** argv)
{
  (void)argv;
#ifndef itoa
  return ((int*)(&itoa))[argc];
#else
  (void)argc;
  return 0;
#endif
}
Determining if the _ltoa exist failed with the following output:
Change Dir: /root/development/DHGE/c++/build/CMakeFiles/CMakeTmp

Run Build Command(s):/usr/bin/gmake -f Makefile cmTC_68765/fast && /usr/bin/gmake  -f CMakeFiles/cmTC_68765.dir/build.make CMakeFiles/cmTC_68765.dir/build
gmake[1]: Entering directory '/root/development/DHGE/c++/build/CMakeFiles/CMakeTmp'
Building C object CMakeFiles/cmTC_68765.dir/CheckSymbolExists.c.o
/usr/bin/cc   -D_GNU_SOURCE=1 -o CMakeFiles/cmTC_68765.dir/CheckSymbolExists.c.o -c /root/development/DHGE/c++/build/CMakeFiles/CMakeTmp/CheckSymbolExists.c
/root/development/DHGE/c++/build/CMakeFiles/CMakeTmp/CheckSymbolExists.c: In function ‘main’:
/root/development/DHGE/c++/build/CMakeFiles/CMakeTmp/CheckSymbolExists.c:26:19: error: ‘_ltoa’ undeclared (first use in this function)
   26 |   return ((int*)(&_ltoa))[argc];
      |                   ^~~~~
/root/development/DHGE/c++/build/CMakeFiles/CMakeTmp/CheckSymbolExists.c:26:19: note: each undeclared identifier is reported only once for each function it appears in
gmake[1]: *** [CMakeFiles/cmTC_68765.dir/build.make:78: CMakeFiles/cmTC_68765.dir/CheckSymbolExists.c.o] Error 1
gmake[1]: Leaving directory '/root/development/DHGE/c++/build/CMakeFiles/CMakeTmp'
gmake: *** [Makefile:127: cmTC_68765/fast] Error 2


File /root/development/DHGE/c++/build/CMakeFiles/CMakeTmp/CheckSymbolExists.c:
/* */
#include <float.h>
#include <iconv.h>
#include <inttypes.h>
#include <limits.h>
#include <malloc.h>
#include <math.h>
#include <memory.h>
#include <signal.h>
#include <stdarg.h>
#include <stdbool.h>
#include <stddef.h>
#include <stdint.h>
#include <stdio.h>
#include <stdlib.h>
#include <string.h>
#include <strings.h>
#include <sys/types.h>
#include <time.h>
#include <wchar.h>

int main(int argc, char** argv)
{
  (void)argv;
#ifndef _ltoa
  return ((int*)(&_ltoa))[argc];
#else
  (void)argc;
  return 0;
#endif
}
Determining if the sqr exist failed with the following output:
Change Dir: /root/development/DHGE/c++/build/CMakeFiles/CMakeTmp

Run Build Command(s):/usr/bin/gmake -f Makefile cmTC_2769f/fast && /usr/bin/gmake  -f CMakeFiles/cmTC_2769f.dir/build.make CMakeFiles/cmTC_2769f.dir/build
gmake[1]: Entering directory '/root/development/DHGE/c++/build/CMakeFiles/CMakeTmp'
Building C object CMakeFiles/cmTC_2769f.dir/CheckSymbolExists.c.o
/usr/bin/cc   -D_GNU_SOURCE=1 -o CMakeFiles/cmTC_2769f.dir/CheckSymbolExists.c.o -c /root/development/DHGE/c++/build/CMakeFiles/CMakeTmp/CheckSymbolExists.c
/root/development/DHGE/c++/build/CMakeFiles/CMakeTmp/CheckSymbolExists.c: In function ‘main’:
/root/development/DHGE/c++/build/CMakeFiles/CMakeTmp/CheckSymbolExists.c:26:19: error: ‘sqr’ undeclared (first use in this function); did you mean ‘sqrt’?
   26 |   return ((int*)(&sqr))[argc];
      |                   ^~~
      |                   sqrt
/root/development/DHGE/c++/build/CMakeFiles/CMakeTmp/CheckSymbolExists.c:26:19: note: each undeclared identifier is reported only once for each function it appears in
gmake[1]: *** [CMakeFiles/cmTC_2769f.dir/build.make:78: CMakeFiles/cmTC_2769f.dir/CheckSymbolExists.c.o] Error 1
gmake[1]: Leaving directory '/root/development/DHGE/c++/build/CMakeFiles/CMakeTmp'
gmake: *** [Makefile:127: cmTC_2769f/fast] Error 2


File /root/development/DHGE/c++/build/CMakeFiles/CMakeTmp/CheckSymbolExists.c:
/* */
#include <float.h>
#include <iconv.h>
#include <inttypes.h>
#include <limits.h>
#include <malloc.h>
#include <math.h>
#include <memory.h>
#include <signal.h>
#include <stdarg.h>
#include <stdbool.h>
#include <stddef.h>
#include <stdint.h>
#include <stdio.h>
#include <stdlib.h>
#include <string.h>
#include <strings.h>
#include <sys/types.h>
#include <time.h>
#include <wchar.h>

int main(int argc, char** argv)
{
  (void)argv;
#ifndef sqr
  return ((int*)(&sqr))[argc];
#else
  (void)argc;
  return 0;
#endif
}
Determining if the strlcat exist failed with the following output:
Change Dir: /root/development/DHGE/c++/build/CMakeFiles/CMakeTmp

Run Build Command(s):/usr/bin/gmake -f Makefile cmTC_a46fb/fast && /usr/bin/gmake  -f CMakeFiles/cmTC_a46fb.dir/build.make CMakeFiles/cmTC_a46fb.dir/build
gmake[1]: Entering directory '/root/development/DHGE/c++/build/CMakeFiles/CMakeTmp'
Building C object CMakeFiles/cmTC_a46fb.dir/CheckSymbolExists.c.o
/usr/bin/cc   -D_GNU_SOURCE=1 -o CMakeFiles/cmTC_a46fb.dir/CheckSymbolExists.c.o -c /root/development/DHGE/c++/build/CMakeFiles/CMakeTmp/CheckSymbolExists.c
/root/development/DHGE/c++/build/CMakeFiles/CMakeTmp/CheckSymbolExists.c: In function ‘main’:
/root/development/DHGE/c++/build/CMakeFiles/CMakeTmp/CheckSymbolExists.c:26:19: error: ‘strlcat’ undeclared (first use in this function); did you mean ‘strncat’?
   26 |   return ((int*)(&strlcat))[argc];
      |                   ^~~~~~~
      |                   strncat
/root/development/DHGE/c++/build/CMakeFiles/CMakeTmp/CheckSymbolExists.c:26:19: note: each undeclared identifier is reported only once for each function it appears in
gmake[1]: *** [CMakeFiles/cmTC_a46fb.dir/build.make:78: CMakeFiles/cmTC_a46fb.dir/CheckSymbolExists.c.o] Error 1
gmake[1]: Leaving directory '/root/development/DHGE/c++/build/CMakeFiles/CMakeTmp'
gmake: *** [Makefile:127: cmTC_a46fb/fast] Error 2


File /root/development/DHGE/c++/build/CMakeFiles/CMakeTmp/CheckSymbolExists.c:
/* */
#include <float.h>
#include <iconv.h>
#include <inttypes.h>
#include <limits.h>
#include <malloc.h>
#include <math.h>
#include <memory.h>
#include <signal.h>
#include <stdarg.h>
#include <stdbool.h>
#include <stddef.h>
#include <stdint.h>
#include <stdio.h>
#include <stdlib.h>
#include <string.h>
#include <strings.h>
#include <sys/types.h>
#include <time.h>
#include <wchar.h>

int main(int argc, char** argv)
{
  (void)argv;
#ifndef strlcat
  return ((int*)(&strlcat))[argc];
#else
  (void)argc;
  return 0;
#endif
}
Determining if the strlcpy exist failed with the following output:
Change Dir: /root/development/DHGE/c++/build/CMakeFiles/CMakeTmp

Run Build Command(s):/usr/bin/gmake -f Makefile cmTC_b4f69/fast && /usr/bin/gmake  -f CMakeFiles/cmTC_b4f69.dir/build.make CMakeFiles/cmTC_b4f69.dir/build
gmake[1]: Entering directory '/root/development/DHGE/c++/build/CMakeFiles/CMakeTmp'
Building C object CMakeFiles/cmTC_b4f69.dir/CheckSymbolExists.c.o
/usr/bin/cc   -D_GNU_SOURCE=1 -o CMakeFiles/cmTC_b4f69.dir/CheckSymbolExists.c.o -c /root/development/DHGE/c++/build/CMakeFiles/CMakeTmp/CheckSymbolExists.c
/root/development/DHGE/c++/build/CMakeFiles/CMakeTmp/CheckSymbolExists.c: In function ‘main’:
/root/development/DHGE/c++/build/CMakeFiles/CMakeTmp/CheckSymbolExists.c:26:19: error: ‘strlcpy’ undeclared (first use in this function); did you mean ‘strncpy’?
   26 |   return ((int*)(&strlcpy))[argc];
      |                   ^~~~~~~
      |                   strncpy
/root/development/DHGE/c++/build/CMakeFiles/CMakeTmp/CheckSymbolExists.c:26:19: note: each undeclared identifier is reported only once for each function it appears in
gmake[1]: *** [CMakeFiles/cmTC_b4f69.dir/build.make:78: CMakeFiles/cmTC_b4f69.dir/CheckSymbolExists.c.o] Error 1
gmake[1]: Leaving directory '/root/development/DHGE/c++/build/CMakeFiles/CMakeTmp'
gmake: *** [Makefile:127: cmTC_b4f69/fast] Error 2


File /root/development/DHGE/c++/build/CMakeFiles/CMakeTmp/CheckSymbolExists.c:
/* */
#include <float.h>
#include <iconv.h>
#include <inttypes.h>
#include <limits.h>
#include <malloc.h>
#include <math.h>
#include <memory.h>
#include <signal.h>
#include <stdarg.h>
#include <stdbool.h>
#include <stddef.h>
#include <stdint.h>
#include <stdio.h>
#include <stdlib.h>
#include <string.h>
#include <strings.h>
#include <sys/types.h>
#include <time.h>
#include <wchar.h>

int main(int argc, char** argv)
{
  (void)argv;
#ifndef strlcpy
  return ((int*)(&strlcpy))[argc];
#else
  (void)argc;
  return 0;
#endif
}
Determining if the strnstr exist failed with the following output:
Change Dir: /root/development/DHGE/c++/build/CMakeFiles/CMakeTmp

Run Build Command(s):/usr/bin/gmake -f Makefile cmTC_029fc/fast && /usr/bin/gmake  -f CMakeFiles/cmTC_029fc.dir/build.make CMakeFiles/cmTC_029fc.dir/build
gmake[1]: Entering directory '/root/development/DHGE/c++/build/CMakeFiles/CMakeTmp'
Building C object CMakeFiles/cmTC_029fc.dir/CheckSymbolExists.c.o
/usr/bin/cc   -D_GNU_SOURCE=1 -o CMakeFiles/cmTC_029fc.dir/CheckSymbolExists.c.o -c /root/development/DHGE/c++/build/CMakeFiles/CMakeTmp/CheckSymbolExists.c
/root/development/DHGE/c++/build/CMakeFiles/CMakeTmp/CheckSymbolExists.c: In function ‘main’:
/root/development/DHGE/c++/build/CMakeFiles/CMakeTmp/CheckSymbolExists.c:26:19: error: ‘strnstr’ undeclared (first use in this function); did you mean ‘strstr’?
   26 |   return ((int*)(&strnstr))[argc];
      |                   ^~~~~~~
      |                   strstr
/root/development/DHGE/c++/build/CMakeFiles/CMakeTmp/CheckSymbolExists.c:26:19: note: each undeclared identifier is reported only once for each function it appears in
gmake[1]: *** [CMakeFiles/cmTC_029fc.dir/build.make:78: CMakeFiles/cmTC_029fc.dir/CheckSymbolExists.c.o] Error 1
gmake[1]: Leaving directory '/root/development/DHGE/c++/build/CMakeFiles/CMakeTmp'
gmake: *** [Makefile:127: cmTC_029fc/fast] Error 2


File /root/development/DHGE/c++/build/CMakeFiles/CMakeTmp/CheckSymbolExists.c:
/* */
#include <float.h>
#include <iconv.h>
#include <inttypes.h>
#include <limits.h>
#include <malloc.h>
#include <math.h>
#include <memory.h>
#include <signal.h>
#include <stdarg.h>
#include <stdbool.h>
#include <stddef.h>
#include <stdint.h>
#include <stdio.h>
#include <stdlib.h>
#include <string.h>
#include <strings.h>
#include <sys/types.h>
#include <time.h>
#include <wchar.h>

int main(int argc, char** argv)
{
  (void)argv;
#ifndef strnstr
  return ((int*)(&strnstr))[argc];
#else
  (void)argc;
  return 0;
#endif
}
Determining if the wcslcat exist failed with the following output:
Change Dir: /root/development/DHGE/c++/build/CMakeFiles/CMakeTmp

Run Build Command(s):/usr/bin/gmake -f Makefile cmTC_28ec4/fast && /usr/bin/gmake  -f CMakeFiles/cmTC_28ec4.dir/build.make CMakeFiles/cmTC_28ec4.dir/build
gmake[1]: Entering directory '/root/development/DHGE/c++/build/CMakeFiles/CMakeTmp'
Building C object CMakeFiles/cmTC_28ec4.dir/CheckSymbolExists.c.o
/usr/bin/cc   -D_GNU_SOURCE=1 -o CMakeFiles/cmTC_28ec4.dir/CheckSymbolExists.c.o -c /root/development/DHGE/c++/build/CMakeFiles/CMakeTmp/CheckSymbolExists.c
/root/development/DHGE/c++/build/CMakeFiles/CMakeTmp/CheckSymbolExists.c: In function ‘main’:
/root/development/DHGE/c++/build/CMakeFiles/CMakeTmp/CheckSymbolExists.c:26:19: error: ‘wcslcat’ undeclared (first use in this function); did you mean ‘wcsncat’?
   26 |   return ((int*)(&wcslcat))[argc];
      |                   ^~~~~~~
      |                   wcsncat
/root/development/DHGE/c++/build/CMakeFiles/CMakeTmp/CheckSymbolExists.c:26:19: note: each undeclared identifier is reported only once for each function it appears in
gmake[1]: *** [CMakeFiles/cmTC_28ec4.dir/build.make:78: CMakeFiles/cmTC_28ec4.dir/CheckSymbolExists.c.o] Error 1
gmake[1]: Leaving directory '/root/development/DHGE/c++/build/CMakeFiles/CMakeTmp'
gmake: *** [Makefile:127: cmTC_28ec4/fast] Error 2


File /root/development/DHGE/c++/build/CMakeFiles/CMakeTmp/CheckSymbolExists.c:
/* */
#include <float.h>
#include <iconv.h>
#include <inttypes.h>
#include <limits.h>
#include <malloc.h>
#include <math.h>
#include <memory.h>
#include <signal.h>
#include <stdarg.h>
#include <stdbool.h>
#include <stddef.h>
#include <stdint.h>
#include <stdio.h>
#include <stdlib.h>
#include <string.h>
#include <strings.h>
#include <sys/types.h>
#include <time.h>
#include <wchar.h>

int main(int argc, char** argv)
{
  (void)argv;
#ifndef wcslcat
  return ((int*)(&wcslcat))[argc];
#else
  (void)argc;
  return 0;
#endif
}
Determining if the wcslcpy exist failed with the following output:
Change Dir: /root/development/DHGE/c++/build/CMakeFiles/CMakeTmp

Run Build Command(s):/usr/bin/gmake -f Makefile cmTC_1a83e/fast && /usr/bin/gmake  -f CMakeFiles/cmTC_1a83e.dir/build.make CMakeFiles/cmTC_1a83e.dir/build
gmake[1]: Entering directory '/root/development/DHGE/c++/build/CMakeFiles/CMakeTmp'
Building C object CMakeFiles/cmTC_1a83e.dir/CheckSymbolExists.c.o
/usr/bin/cc   -D_GNU_SOURCE=1 -o CMakeFiles/cmTC_1a83e.dir/CheckSymbolExists.c.o -c /root/development/DHGE/c++/build/CMakeFiles/CMakeTmp/CheckSymbolExists.c
/root/development/DHGE/c++/build/CMakeFiles/CMakeTmp/CheckSymbolExists.c: In function ‘main’:
/root/development/DHGE/c++/build/CMakeFiles/CMakeTmp/CheckSymbolExists.c:26:19: error: ‘wcslcpy’ undeclared (first use in this function); did you mean ‘wcsncpy’?
   26 |   return ((int*)(&wcslcpy))[argc];
      |                   ^~~~~~~
      |                   wcsncpy
/root/development/DHGE/c++/build/CMakeFiles/CMakeTmp/CheckSymbolExists.c:26:19: note: each undeclared identifier is reported only once for each function it appears in
gmake[1]: *** [CMakeFiles/cmTC_1a83e.dir/build.make:78: CMakeFiles/cmTC_1a83e.dir/CheckSymbolExists.c.o] Error 1
gmake[1]: Leaving directory '/root/development/DHGE/c++/build/CMakeFiles/CMakeTmp'
gmake: *** [Makefile:127: cmTC_1a83e/fast] Error 2


File /root/development/DHGE/c++/build/CMakeFiles/CMakeTmp/CheckSymbolExists.c:
/* */
#include <float.h>
#include <iconv.h>
#include <inttypes.h>
#include <limits.h>
#include <malloc.h>
#include <math.h>
#include <memory.h>
#include <signal.h>
#include <stdarg.h>
#include <stdbool.h>
#include <stddef.h>
#include <stdint.h>
#include <stdio.h>
#include <stdlib.h>
#include <string.h>
#include <strings.h>
#include <sys/types.h>
#include <time.h>
#include <wchar.h>

int main(int argc, char** argv)
{
  (void)argv;
#ifndef wcslcpy
  return ((int*)(&wcslcpy))[argc];
#else
  (void)argc;
  return 0;
#endif
}
Determining if the sysctlbyname exist failed with the following output:
Change Dir: /root/development/DHGE/c++/build/CMakeFiles/CMakeTmp

Run Build Command(s):/usr/bin/gmake -f Makefile cmTC_f9c6d/fast && /usr/bin/gmake  -f CMakeFiles/cmTC_f9c6d.dir/build.make CMakeFiles/cmTC_f9c6d.dir/build
gmake[1]: Entering directory '/root/development/DHGE/c++/build/CMakeFiles/CMakeTmp'
Building C object CMakeFiles/cmTC_f9c6d.dir/CheckSymbolExists.c.o
/usr/bin/cc   -D_GNU_SOURCE=1 -o CMakeFiles/cmTC_f9c6d.dir/CheckSymbolExists.c.o -c /root/development/DHGE/c++/build/CMakeFiles/CMakeTmp/CheckSymbolExists.c
/root/development/DHGE/c++/build/CMakeFiles/CMakeTmp/CheckSymbolExists.c:3:10: fatal error: sys/sysctl.h: No such file or directory
    3 | #include <sys/sysctl.h>
      |          ^~~~~~~~~~~~~~
compilation terminated.
gmake[1]: *** [CMakeFiles/cmTC_f9c6d.dir/build.make:78: CMakeFiles/cmTC_f9c6d.dir/CheckSymbolExists.c.o] Error 1
gmake[1]: Leaving directory '/root/development/DHGE/c++/build/CMakeFiles/CMakeTmp'
gmake: *** [Makefile:127: cmTC_f9c6d/fast] Error 2


File /root/development/DHGE/c++/build/CMakeFiles/CMakeTmp/CheckSymbolExists.c:
/* */
#include <sys/types.h>
#include <sys/sysctl.h>

int main(int argc, char** argv)
{
  (void)argv;
#ifndef sysctlbyname
  return ((int*)(&sysctlbyname))[argc];
#else
  (void)argc;
  return 0;
#endif
}
Determining if the elf_aux_info exist failed with the following output:
Change Dir: /root/development/DHGE/c++/build/CMakeFiles/CMakeTmp

Run Build Command(s):/usr/bin/gmake -f Makefile cmTC_7b2b0/fast && /usr/bin/gmake  -f CMakeFiles/cmTC_7b2b0.dir/build.make CMakeFiles/cmTC_7b2b0.dir/build
gmake[1]: Entering directory '/root/development/DHGE/c++/build/CMakeFiles/CMakeTmp'
Building C object CMakeFiles/cmTC_7b2b0.dir/CheckSymbolExists.c.o
/usr/bin/cc   -D_GNU_SOURCE=1 -o CMakeFiles/cmTC_7b2b0.dir/CheckSymbolExists.c.o -c /root/development/DHGE/c++/build/CMakeFiles/CMakeTmp/CheckSymbolExists.c
/root/development/DHGE/c++/build/CMakeFiles/CMakeTmp/CheckSymbolExists.c: In function ‘main’:
/root/development/DHGE/c++/build/CMakeFiles/CMakeTmp/CheckSymbolExists.c:8:19: error: ‘elf_aux_info’ undeclared (first use in this function)
    8 |   return ((int*)(&elf_aux_info))[argc];
      |                   ^~~~~~~~~~~~
/root/development/DHGE/c++/build/CMakeFiles/CMakeTmp/CheckSymbolExists.c:8:19: note: each undeclared identifier is reported only once for each function it appears in
gmake[1]: *** [CMakeFiles/cmTC_7b2b0.dir/build.make:78: CMakeFiles/cmTC_7b2b0.dir/CheckSymbolExists.c.o] Error 1
gmake[1]: Leaving directory '/root/development/DHGE/c++/build/CMakeFiles/CMakeTmp'
gmake: *** [Makefile:127: cmTC_7b2b0/fast] Error 2


File /root/development/DHGE/c++/build/CMakeFiles/CMakeTmp/CheckSymbolExists.c:
/* */
#include <sys/auxv.h>

int main(int argc, char** argv)
{
  (void)argv;
#ifndef elf_aux_info
  return ((int*)(&elf_aux_info))[argc];
#else
  (void)argc;
  return 0;
#endif
}
Determining if the posix_spawn_file_actions_addchdir exist failed with the following output:
Change Dir: /root/development/DHGE/c++/build/CMakeFiles/CMakeTmp

Run Build Command(s):/usr/bin/gmake -f Makefile cmTC_6b692/fast && /usr/bin/gmake  -f CMakeFiles/cmTC_6b692.dir/build.make CMakeFiles/cmTC_6b692.dir/build
gmake[1]: Entering directory '/root/development/DHGE/c++/build/CMakeFiles/CMakeTmp'
Building C object CMakeFiles/cmTC_6b692.dir/CheckSymbolExists.c.o
/usr/bin/cc   -D_GNU_SOURCE=1 -o CMakeFiles/cmTC_6b692.dir/CheckSymbolExists.c.o -c /root/development/DHGE/c++/build/CMakeFiles/CMakeTmp/CheckSymbolExists.c
/root/development/DHGE/c++/build/CMakeFiles/CMakeTmp/CheckSymbolExists.c: In function ‘main’:
/root/development/DHGE/c++/build/CMakeFiles/CMakeTmp/CheckSymbolExists.c:8:19: error: ‘posix_spawn_file_actions_addchdir’ undeclared (first use in this function); did you mean ‘posix_spawn_file_actions_addchdir_np’?
    8 |   return ((int*)(&posix_spawn_file_actions_addchdir))[argc];
      |                   ^~~~~~~~~~~~~~~~~~~~~~~~~~~~~~~~~
      |                   posix_spawn_file_actions_addchdir_np
/root/development/DHGE/c++/build/CMakeFiles/CMakeTmp/CheckSymbolExists.c:8:19: note: each undeclared identifier is reported only once for each function it appears in
gmake[1]: *** [CMakeFiles/cmTC_6b692.dir/build.make:78: CMakeFiles/cmTC_6b692.dir/CheckSymbolExists.c.o] Error 1
gmake[1]: Leaving directory '/root/development/DHGE/c++/build/CMakeFiles/CMakeTmp'
gmake: *** [Makefile:127: cmTC_6b692/fast] Error 2


File /root/development/DHGE/c++/build/CMakeFiles/CMakeTmp/CheckSymbolExists.c:
/* */
#include <spawn.h>

int main(int argc, char** argv)
{
  (void)argv;
#ifndef posix_spawn_file_actions_addchdir
  return ((int*)(&posix_spawn_file_actions_addchdir))[argc];
#else
  (void)argc;
  return 0;
#endif
}
Performing C SOURCE FILE Test ICONV_IN_LIBICONV failed with the following output:
Change Dir: /root/development/DHGE/c++/build/CMakeFiles/CMakeTmp

Run Build Command(s):/usr/bin/gmake -f Makefile cmTC_c69af/fast && /usr/bin/gmake  -f CMakeFiles/cmTC_c69af.dir/build.make CMakeFiles/cmTC_c69af.dir/build
gmake[1]: Entering directory '/root/development/DHGE/c++/build/CMakeFiles/CMakeTmp'
Building C object CMakeFiles/cmTC_c69af.dir/src.c.o
/usr/bin/cc -DICONV_IN_LIBICONV  -D_GNU_SOURCE=1 -o CMakeFiles/cmTC_c69af.dir/src.c.o -c /root/development/DHGE/c++/build/CMakeFiles/CMakeTmp/src.c
Linking C executable cmTC_c69af
/usr/bin/cmake -E cmake_link_script CMakeFiles/cmTC_c69af.dir/link.txt --verbose=1
/usr/bin/cc   -D_GNU_SOURCE=1 CMakeFiles/cmTC_c69af.dir/src.c.o -o cmTC_c69af  -liconv 
/usr/bin/ld: cannot find -liconv: No such file or directory
collect2: error: ld returned 1 exit status
gmake[1]: *** [CMakeFiles/cmTC_c69af.dir/build.make:99: cmTC_c69af] Error 1
gmake[1]: Leaving directory '/root/development/DHGE/c++/build/CMakeFiles/CMakeTmp'
gmake: *** [Makefile:127: cmTC_c69af/fast] Error 2


Source file was:

        #include <stddef.h>
        #include <iconv.h>
        int main(int argc, char **argv) {
            return !iconv_open(NULL,NULL);
        }
Performing C SOURCE FILE Test LIBC_HAS_WORKING_LIBUNWIND failed with the following output:
Change Dir: /root/development/DHGE/c++/build/CMakeFiles/CMakeTmp

Run Build Command(s):/usr/bin/gmake -f Makefile cmTC_ad816/fast && /usr/bin/gmake  -f CMakeFiles/cmTC_ad816.dir/build.make CMakeFiles/cmTC_ad816.dir/build
gmake[1]: Entering directory '/root/development/DHGE/c++/build/CMakeFiles/CMakeTmp'
Building C object CMakeFiles/cmTC_ad816.dir/src.c.o
/usr/bin/cc -DLIBC_HAS_WORKING_LIBUNWIND  -D_GNU_SOURCE=1 -o CMakeFiles/cmTC_ad816.dir/src.c.o -c /root/development/DHGE/c++/build/CMakeFiles/CMakeTmp/src.c
/root/development/DHGE/c++/build/CMakeFiles/CMakeTmp/src.c:1:16: fatal error: libunwind.h: No such file or directory
    1 |       #include <libunwind.h>
      |                ^~~~~~~~~~~~~
compilation terminated.
gmake[1]: *** [CMakeFiles/cmTC_ad816.dir/build.make:78: CMakeFiles/cmTC_ad816.dir/src.c.o] Error 1
gmake[1]: Leaving directory '/root/development/DHGE/c++/build/CMakeFiles/CMakeTmp'
gmake: *** [Makefile:127: cmTC_ad816/fast] Error 2


Source file was:
      #include <libunwind.h>
      int main(int argc, char *argv[]) {
        (void)argc; (void)argv;
        unw_context_t context;
        unw_cursor_t cursor;
        unw_word_t pc;
        char sym[256];
        unw_word_t offset;
        unw_getcontext(&context);
        unw_step(&cursor);
        unw_get_reg(&cursor, UNW_REG_IP, &pc);
        unw_get_proc_name(&cursor, sym, sizeof(sym), &offset);
        return 0;
      }
Performing C SOURCE FILE Test LIBUNWIND_HAS_WORKINGLIBUNWIND failed with the following output:
Change Dir: /root/development/DHGE/c++/build/CMakeFiles/CMakeTmp

Run Build Command(s):/usr/bin/gmake -f Makefile cmTC_452ac/fast && /usr/bin/gmake  -f CMakeFiles/cmTC_452ac.dir/build.make CMakeFiles/cmTC_452ac.dir/build
gmake[1]: Entering directory '/root/development/DHGE/c++/build/CMakeFiles/CMakeTmp'
Building C object CMakeFiles/cmTC_452ac.dir/src.c.o
/usr/bin/cc -DLIBUNWIND_HAS_WORKINGLIBUNWIND  -D_GNU_SOURCE=1 -o CMakeFiles/cmTC_452ac.dir/src.c.o -c /root/development/DHGE/c++/build/CMakeFiles/CMakeTmp/src.c
/root/development/DHGE/c++/build/CMakeFiles/CMakeTmp/src.c:1:16: fatal error: libunwind.h: No such file or directory
    1 |       #include <libunwind.h>
      |                ^~~~~~~~~~~~~
compilation terminated.
gmake[1]: *** [CMakeFiles/cmTC_452ac.dir/build.make:78: CMakeFiles/cmTC_452ac.dir/src.c.o] Error 1
gmake[1]: Leaving directory '/root/development/DHGE/c++/build/CMakeFiles/CMakeTmp'
gmake: *** [Makefile:127: cmTC_452ac/fast] Error 2


Source file was:
      #include <libunwind.h>
      int main(int argc, char *argv[]) {
        (void)argc; (void)argv;
        unw_context_t context;
        unw_cursor_t cursor;
        unw_word_t pc;
        char sym[256];
        unw_word_t offset;
        unw_getcontext(&context);
        unw_step(&cursor);
        unw_get_reg(&cursor, UNW_REG_IP, &pc);
        unw_get_proc_name(&cursor, sym, sizeof(sym), &offset);
        return 0;
      }
Determining if the include file pthread_np.h exists failed with the following output:
Change Dir: /root/development/DHGE/c++/build/CMakeFiles/CMakeTmp

Run Build Command(s):/usr/bin/gmake -f Makefile cmTC_07745/fast && /usr/bin/gmake  -f CMakeFiles/cmTC_07745.dir/build.make CMakeFiles/cmTC_07745.dir/build
gmake[1]: Entering directory '/root/development/DHGE/c++/build/CMakeFiles/CMakeTmp'
Building C object CMakeFiles/cmTC_07745.dir/CheckIncludeFile.c.o
/usr/bin/cc   -D_GNU_SOURCE=1 -D_REENTRANT -pthread -o CMakeFiles/cmTC_07745.dir/CheckIncludeFile.c.o -c /root/development/DHGE/c++/build/CMakeFiles/CMakeTmp/CheckIncludeFile.c
/root/development/DHGE/c++/build/CMakeFiles/CMakeTmp/CheckIncludeFile.c:1:10: fatal error: pthread_np.h: No such file or directory
    1 | #include <pthread_np.h>
      |          ^~~~~~~~~~~~~~
compilation terminated.
gmake[1]: *** [CMakeFiles/cmTC_07745.dir/build.make:78: CMakeFiles/cmTC_07745.dir/CheckIncludeFile.c.o] Error 1
gmake[1]: Leaving directory '/root/development/DHGE/c++/build/CMakeFiles/CMakeTmp'
gmake: *** [Makefile:127: cmTC_07745/fast] Error 2



